<?xml version="1.0" encoding="UTF-8"?>
<!-- Generated by org.testng.reporters.JUnitXMLReporter -->
<testsuite ignored="8" hostname="Administrator" failures="0" tests="9" name="Test" time="631.788" errors="0" timestamp="2021-07-18T15:45:57 IST">
  <testcase classname="com.qa.cxplite.tests.cxpLoginTest" name="validatelogin" time="7.955"/>
  <testcase classname="com.qa.cxplite.tests.ValidateHomePageTest" name="validatehomepage" time="6.766"/>
  <testcase classname="com.qa.cxplite.tests.cxpCreateCustomerTest" name="validateCreateCustomer" time="44.662"/>
  <testcase classname="com.qa.cxplite.tests.CreateEventTest" name="validateCreateEvent" time="120.325"/>
  <testcase classname="com.qa.cxplite.tests.CreateEventTest" name="serachEventTest" time="11.531"/>
  <testcase classname="com.qa.cxplite.tests.CreateEventOrderTest" name="eventnumberSearch" time="18.987"/>
  <testcase classname="com.qa.cxplite.tests.CreateEventOrderTest" name="add_menu" time="211.743"/>
  <testcase classname="com.qa.cxplite.tests.CreateEstimateTest" name="validateCreateEstimates" time="44.366"/>
  <testcase classname="com.qa.cxplite.tests.createbillservicetest" name="bill_service" time="154.669"/>
  <testcase classname="com.qa.cxplite.utils.TestBase1" name="@BeforeTest initialization" time="0.0">
    <ignored/>
  </testcase> <!-- @BeforeTest initialization -->
  <testcase classname="com.qa.cxplite.utils.TestBase1" name="@BeforeTest initialization" time="0.0">
    <ignored/>
  </testcase> <!-- @BeforeTest initialization -->
  <testcase classname="com.qa.cxplite.utils.TestBase1" name="@BeforeTest initialization" time="0.0">
    <ignored/>
  </testcase> <!-- @BeforeTest initialization -->
  <testcase classname="com.qa.cxplite.utils.TestBase1" name="@BeforeTest initialization" time="0.0">
    <ignored/>
  </testcase> <!-- @BeforeTest initialization -->
  <testcase classname="com.qa.cxplite.utils.TestBase1" name="@BeforeTest initialization" time="0.0">
    <ignored/>
  </testcase> <!-- @BeforeTest initialization -->
  <testcase classname="com.qa.cxplite.utils.TestBase1" name="@BeforeTest initialization" time="0.0">
    <ignored/>
  </testcase> <!-- @BeforeTest initialization -->
  <testcase classname="com.qa.cxplite.utils.TestBase1" name="@BeforeTest initialization" time="0.0">
    <ignored/>
  </testcase> <!-- @BeforeTest initialization -->
  <testcase classname="com.qa.cxplite.utils.TestBase1" name="@BeforeTest initialization" time="0.0">
    <ignored/>
  </testcase> <!-- @BeforeTest initialization -->
</testsuite> <!-- Test -->
