<?xml version="1.0" encoding="UTF-8"?>
<!-- Generated by org.testng.reporters.JUnitXMLReporter -->
<testsuite ignored="8" hostname="Administrator" failures="0" tests="9" name="Test1" time="557.288" errors="0" timestamp="2021-07-10T21:43:21 IST">
  <testcase classname="com.qa.cxplite.tests.cxpLoginTest" name="validatelogin" time="7.945"/>
  <testcase classname="com.qa.cxplite.tests.ValidateHomePageTest" name="validatehomepage" time="5.703"/>
  <testcase classname="com.qa.cxplite.tests.cxpCreateCustomerTest" name="validateCreateCustomer" time="34.645"/>
  <testcase classname="com.qa.cxplite.tests.CreateEventTest" name="validateCreateEvent" time="116.174"/>
  <testcase classname="com.qa.cxplite.tests.CreateEventTest" name="serachEventTest" time="11.726"/>
  <testcase classname="com.qa.cxplite.tests.CreateEventOrderTest" name="eventnumberSearch" time="16.989"/>
  <testcase classname="com.qa.cxplite.tests.CreateEventOrderTest" name="add_menu" time="198.054"/>
  <testcase classname="com.qa.cxplite.tests.CreateEstimateTest" name="validateCreateEstimates" time="38.393"/>
  <testcase classname="com.qa.cxplite.tests.createbillservicetest" name="bill_service" time="114.11"/>
  <testcase classname="com.qa.cxplite.utils.TestBase1" name="@BeforeTest initialization" time="0.0">
    <ignored/>
  </testcase> <!-- @BeforeTest initialization -->
  <testcase classname="com.qa.cxplite.utils.TestBase1" name="@BeforeTest initialization" time="0.0">
    <ignored/>
  </testcase> <!-- @BeforeTest initialization -->
  <testcase classname="com.qa.cxplite.utils.TestBase1" name="@BeforeTest initialization" time="0.0">
    <ignored/>
  </testcase> <!-- @BeforeTest initialization -->
  <testcase classname="com.qa.cxplite.utils.TestBase1" name="@BeforeTest initialization" time="0.0">
    <ignored/>
  </testcase> <!-- @BeforeTest initialization -->
  <testcase classname="com.qa.cxplite.utils.TestBase1" name="@BeforeTest initialization" time="0.0">
    <ignored/>
  </testcase> <!-- @BeforeTest initialization -->
  <testcase classname="com.qa.cxplite.utils.TestBase1" name="@BeforeTest initialization" time="0.0">
    <ignored/>
  </testcase> <!-- @BeforeTest initialization -->
  <testcase classname="com.qa.cxplite.utils.TestBase1" name="@BeforeTest initialization" time="0.0">
    <ignored/>
  </testcase> <!-- @BeforeTest initialization -->
  <testcase classname="com.qa.cxplite.utils.TestBase1" name="@BeforeTest initialization" time="0.0">
    <ignored/>
  </testcase> <!-- @BeforeTest initialization -->
</testsuite> <!-- Test1 -->
