<?xml version="1.0" encoding="UTF-8"?>
<!-- Generated by org.testng.reporters.JUnitXMLReporter -->
<testsuite hostname="DESKTOP-I6TKHMQ" name="Test" tests="9" failures="0" timestamp="13 Jun 2021 11:01:00 GMT" time="487.147" errors="0">
  <testcase name="validatelogin" time="9.649" classname="com.qa.cxplite.tests.cxpLoginTest"/>
  <testcase name="validatehomepage" time="6.128" classname="com.qa.cxplite.tests.ValidateHomePageTest"/>
  <testcase name="validateCreateCustomer" time="30.343" classname="com.qa.cxplite.tests.cxpCreateCustomerTest"/>
  <testcase name="validateCreateEvent" time="106.837" classname="com.qa.cxplite.tests.CreateEventTest"/>
  <testcase name="serachEventTest" time="8.604" classname="com.qa.cxplite.tests.CreateEventTest"/>
  <testcase name="eventnumberSearch" time="15.149" classname="com.qa.cxplite.tests.CreateEventOrderTest"/>
  <testcase name="add_menu" time="194.759" classname="com.qa.cxplite.tests.CreateEventOrderTest"/>
  <testcase name="validateCreateEstimates" time="36.544" classname="com.qa.cxplite.tests.CreateEstimateTest"/>
  <testcase name="bill_service" time="60.33" classname="com.qa.cxplite.tests.createbillservicetest"/>
</testsuite> <!-- Test -->
