<?xml version="1.0" encoding="UTF-8"?>
<testng-results skipped="0" failed="0" total="9" passed="9">
  <reporter-output>
  </reporter-output>
  <suite name="cxp lite Suite" duration-ms="621644" started-at="2021-06-02T13:34:45Z" finished-at="2021-06-02T13:45:07Z">
    <groups>
    </groups>
    <test name="Test" duration-ms="621644" started-at="2021-06-02T13:34:45Z" finished-at="2021-06-02T13:45:07Z">
      <class name="com.qa.cxplite.tests.logout">
        <test-method status="PASS" signature="teardown()[pri:0, instance:com.qa.cxplite.tests.logout@2c6a3f77]" name="teardown" is-config="true" duration-ms="1356" started-at="2021-06-02T19:15:06Z" finished-at="2021-06-02T19:15:07Z">
          <reporter-output>
          </reporter-output>
        </test-method> <!-- teardown -->
      </class> <!-- com.qa.cxplite.tests.logout -->
      <class name="com.qa.cxplite.tests.createbillservicetest">
        <test-method status="PASS" signature="billservicesetup()[pri:0, instance:com.qa.cxplite.tests.createbillservicetest@735f7ae5]" name="billservicesetup" is-config="true" duration-ms="47" started-at="2021-06-02T19:13:32Z" finished-at="2021-06-02T19:13:32Z">
          <reporter-output>
          </reporter-output>
        </test-method> <!-- billservicesetup -->
        <test-method status="PASS" signature="bill_service()[pri:0, instance:com.qa.cxplite.tests.createbillservicetest@735f7ae5]" name="bill_service" duration-ms="94107" started-at="2021-06-02T19:13:32Z" finished-at="2021-06-02T19:15:06Z">
          <reporter-output>
          </reporter-output>
        </test-method> <!-- bill_service -->
      </class> <!-- com.qa.cxplite.tests.createbillservicetest -->
      <class name="com.qa.cxplite.tests.CreateEstimateTest">
        <test-method status="PASS" signature="CreateEstimates()[pri:0, instance:com.qa.cxplite.tests.CreateEstimateTest@17550481]" name="CreateEstimates" is-config="true" duration-ms="168" started-at="2021-06-02T19:12:52Z" finished-at="2021-06-02T19:12:52Z">
          <reporter-output>
          </reporter-output>
        </test-method> <!-- CreateEstimates -->
        <test-method status="PASS" signature="validateCreateEstimates(java.lang.String, java.lang.String, java.lang.String, java.lang.String, java.lang.String, java.lang.String, java.lang.String, java.lang.String)[pri:6, instance:com.qa.cxplite.tests.CreateEstimateTest@17550481]" name="validateCreateEstimates" duration-ms="39569" started-at="2021-06-02T19:12:52Z" data-provider="getEstimateData" finished-at="2021-06-02T19:13:32Z">
          <params>
            <param index="0">
              <value>
                <![CDATA[11]]>
              </value>
            </param>
            <param index="1">
              <value>
                <![CDATA[12]]>
              </value>
            </param>
            <param index="2">
              <value>
                <![CDATA[13]]>
              </value>
            </param>
            <param index="3">
              <value>
                <![CDATA[14]]>
              </value>
            </param>
            <param index="4">
              <value>
                <![CDATA[15]]>
              </value>
            </param>
            <param index="5">
              <value>
                <![CDATA[16]]>
              </value>
            </param>
            <param index="6">
              <value>
                <![CDATA[17.0]]>
              </value>
            </param>
            <param index="7">
              <value>
                <![CDATA[18.0]]>
              </value>
            </param>
          </params>
          <reporter-output>
          </reporter-output>
        </test-method> <!-- validateCreateEstimates -->
      </class> <!-- com.qa.cxplite.tests.CreateEstimateTest -->
      <class name="com.qa.cxplite.tests.cxpCreateCustomerTest">
        <test-method status="PASS" signature="validatecreatecustomer()[pri:0, instance:com.qa.cxplite.tests.cxpCreateCustomerTest@13fee20c]" name="validatecreatecustomer" is-config="true" duration-ms="1576" started-at="2021-06-02T19:05:32Z" finished-at="2021-06-02T19:05:33Z">
          <reporter-output>
          </reporter-output>
        </test-method> <!-- validatecreatecustomer -->
        <test-method status="PASS" signature="validateCreateCustomer(java.lang.String, java.lang.String, java.lang.String, java.lang.String, java.lang.String, java.lang.String, java.lang.String, java.lang.String, java.lang.String, java.lang.String, java.lang.String, java.lang.String, java.lang.String, java.lang.String, java.lang.String, java.lang.String, java.lang.String, java.lang.String, java.lang.String, java.lang.String, java.lang.String, java.lang.String)[pri:3, instance:com.qa.cxplite.tests.cxpCreateCustomerTest@13fee20c]" name="validateCreateCustomer" duration-ms="34700" started-at="2021-06-02T19:05:34Z" data-provider="getCreateCustomerData" finished-at="2021-06-02T19:06:08Z">
          <params>
            <param index="0">
              <value>
                <![CDATA[Customer.145245]]>
              </value>
            </param>
            <param index="1">
              <value>
                <![CDATA[Government]]>
              </value>
            </param>
            <param index="2">
              <value>
                <![CDATA[Customer_F]]>
              </value>
            </param>
            <param index="3">
              <value>
                <![CDATA[NA]]>
              </value>
            </param>
            <param index="4">
              <value>
                <![CDATA[Holiday]]>
              </value>
            </param>
            <param index="5">
              <value>
                <![CDATA[Friend]]>
              </value>
            </param>
            <param index="6">
              <value>
                <![CDATA[Building – 45]]>
              </value>
            </param>
            <param index="7">
              <value>
                <![CDATA[james]]>
              </value>
            </param>
            <param index="8">
              <value>
                <![CDATA[300#]]>
              </value>
            </param>
            <param index="9">
              <value>
                <![CDATA[Washington]]>
              </value>
            </param>
            <param index="10">
              <value>
                <![CDATA[New York]]>
              </value>
            </param>
            <param index="11">
              <value>
                <![CDATA[20004]]>
              </value>
            </param>
            <param index="12">
              <value>
                <![CDATA[08812-228279]]>
              </value>
            </param>
            <param index="13">
              <value>
                <![CDATA[9987620907]]>
              </value>
            </param>
            <param index="14">
              <value>
                <![CDATA[test@gmail.com]]>
              </value>
            </param>
            <param index="15">
              <value>
                <![CDATA[Comments]]>
              </value>
            </param>
            <param index="16">
              <value>
                <![CDATA[Directions]]>
              </value>
            </param>
            <param index="17">
              <value>
                <![CDATA[Test Bill Contact]]>
              </value>
            </param>
            <param index="18">
              <value>
                <![CDATA[Acc – 12134]]>
              </value>
            </param>
            <param index="19">
              <value>
                <![CDATA[Freeman, Beena]]>
              </value>
            </param>
            <param index="20">
              <value>
                <![CDATA[Con_F]]>
              </value>
            </param>
            <param index="21">
              <value>
                <![CDATA[Con_L]]>
              </value>
            </param>
          </params>
          <reporter-output>
          </reporter-output>
        </test-method> <!-- validateCreateCustomer -->
      </class> <!-- com.qa.cxplite.tests.cxpCreateCustomerTest -->
      <class name="com.qa.cxplite.utils.TestBase1">
        <test-method status="PASS" signature="initialization(java.lang.String)[pri:0, instance:com.qa.cxplite.utils.TestBase1@5f2050f6]" name="initialization" is-config="true" duration-ms="25208" started-at="2021-06-02T19:04:46Z" finished-at="2021-06-02T19:05:11Z">
          <params>
            <param index="0">
              <value>
                <![CDATA[chrome]]>
              </value>
            </param>
          </params>
          <reporter-output>
          </reporter-output>
        </test-method> <!-- initialization -->
      </class> <!-- com.qa.cxplite.utils.TestBase1 -->
      <class name="com.qa.cxplite.tests.CreateEventOrderTest">
        <test-method status="PASS" signature="eventordersetup()[pri:0, instance:com.qa.cxplite.tests.CreateEventOrderTest@783e6358]" name="eventordersetup" is-config="true" duration-ms="77" started-at="2021-06-02T19:08:07Z" finished-at="2021-06-02T19:08:07Z">
          <reporter-output>
          </reporter-output>
        </test-method> <!-- eventordersetup -->
        <test-method status="PASS" signature="eventnumberSearch(java.lang.String)[pri:7, instance:com.qa.cxplite.tests.CreateEventOrderTest@783e6358]" name="eventnumberSearch" duration-ms="17224" started-at="2021-06-02T19:08:07Z" data-provider="getEventNumber" finished-at="2021-06-02T19:08:24Z">
          <params>
            <param index="0">
              <value>
                <![CDATA[830899]]>
              </value>
            </param>
          </params>
          <reporter-output>
          </reporter-output>
        </test-method> <!-- eventnumberSearch -->
        <test-method status="PASS" signature="add_menu(java.lang.String, java.lang.String, java.lang.String, java.lang.String, java.lang.String, java.lang.String, java.lang.String)[pri:8, instance:com.qa.cxplite.tests.CreateEventOrderTest@783e6358]" name="add_menu" duration-ms="267365" started-at="2021-06-02T19:08:24Z" data-provider="getEventOrder" finished-at="2021-06-02T19:12:52Z">
          <params>
            <param index="0">
              <value>
                <![CDATA[10.0]]>
              </value>
            </param>
            <param index="1">
              <value>
                <![CDATA[11.0]]>
              </value>
            </param>
            <param index="2">
              <value>
                <![CDATA[12.0]]>
              </value>
            </param>
            <param index="3">
              <value>
                <![CDATA[13.0]]>
              </value>
            </param>
            <param index="4">
              <value>
                <![CDATA[14.0]]>
              </value>
            </param>
            <param index="5">
              <value>
                <![CDATA[15.0]]>
              </value>
            </param>
            <param index="6">
              <value>
                <![CDATA[16.0]]>
              </value>
            </param>
          </params>
          <reporter-output>
          </reporter-output>
        </test-method> <!-- add_menu -->
      </class> <!-- com.qa.cxplite.tests.CreateEventOrderTest -->
      <class name="com.qa.cxplite.tests.ValidateHomePageTest">
        <test-method status="PASS" signature="validatehomepage()[pri:2, instance:com.qa.cxplite.tests.ValidateHomePageTest@64616ca2]" name="validatehomepage" duration-ms="12435" started-at="2021-06-02T19:05:19Z" finished-at="2021-06-02T19:05:32Z">
          <reporter-output>
          </reporter-output>
        </test-method> <!-- validatehomepage -->
      </class> <!-- com.qa.cxplite.tests.ValidateHomePageTest -->
      <class name="com.qa.cxplite.tests.cxpLoginTest">
        <test-method status="PASS" signature="validatelogin(java.lang.String, java.lang.String, java.lang.String)[pri:1, instance:com.qa.cxplite.tests.cxpLoginTest@3b81a1bc]" name="validatelogin" duration-ms="8280" started-at="2021-06-02T19:05:11Z" finished-at="2021-06-02T19:05:19Z">
          <params>
            <param index="0">
              <value>
                <![CDATA[ridgewellscat]]>
              </value>
            </param>
            <param index="1">
              <value>
                <![CDATA[superadmin]]>
              </value>
            </param>
            <param index="2">
              <value>
                <![CDATA[$uper20#CAT]]>
              </value>
            </param>
          </params>
          <reporter-output>
          </reporter-output>
        </test-method> <!-- validatelogin -->
      </class> <!-- com.qa.cxplite.tests.cxpLoginTest -->
      <class name="com.qa.cxplite.tests.CreateEventTest">
        <test-method status="PASS" signature="validateeventpage()[pri:0, instance:com.qa.cxplite.tests.CreateEventTest@4e04a765]" name="validateeventpage" is-config="true" duration-ms="272" started-at="2021-06-02T19:06:08Z" finished-at="2021-06-02T19:06:09Z">
          <reporter-output>
          </reporter-output>
        </test-method> <!-- validateeventpage -->
        <test-method status="PASS" signature="validateCreateEvent(java.lang.String, java.lang.String, java.lang.String, java.lang.String, java.lang.String, java.lang.String, java.lang.String, java.lang.String, java.lang.String, java.lang.String, java.lang.String, java.lang.String, java.lang.String, java.lang.String, java.lang.String, java.lang.String)[pri:4, instance:com.qa.cxplite.tests.CreateEventTest@4e04a765]" name="validateCreateEvent" duration-ms="110005" started-at="2021-06-02T19:06:09Z" data-provider="getCreateEventData" finished-at="2021-06-02T19:07:59Z">
          <params>
            <param index="0">
              <value>
                <![CDATA[Customer.190540]]>
              </value>
            </param>
            <param index="1">
              <value>
                <![CDATA[Freeman, Beena]]>
              </value>
            </param>
            <param index="2">
              <value>
                <![CDATA[06/13/2021]]>
              </value>
            </param>
            <param index="3">
              <value>
                <![CDATA[2:15 AM]]>
              </value>
            </param>
            <param index="4">
              <value>
                <![CDATA[06/13/2021]]>
              </value>
            </param>
            <param index="5">
              <value>
                <![CDATA[10:15 PM]]>
              </value>
            </param>
            <param index="6">
              <value>
                <![CDATA[School Order]]>
              </value>
            </param>
            <param index="7">
              <value>
                <![CDATA[Definite]]>
              </value>
            </param>
            <param index="8">
              <value>
                <![CDATA[Buffet Dinner]]>
              </value>
            </param>
            <param index="9">
              <value>
                <![CDATA[Corporate]]>
              </value>
            </param>
            <param index="10">
              <value>
                <![CDATA[Holiday]]>
              </value>
            </param>
            <param index="11">
              <value>
                <![CDATA[Disposables]]>
              </value>
            </param>
            <param index="12">
              <value>
                <![CDATA[2.0]]>
              </value>
            </param>
            <param index="13">
              <value>
                <![CDATA[Not Applicable]]>
              </value>
            </param>
            <param index="14">
              <value>
                <![CDATA[1.23456789E8]]>
              </value>
            </param>
            <param index="15">
              <value>
                <![CDATA[abc@abc.com]]>
              </value>
            </param>
          </params>
          <reporter-output>
          </reporter-output>
        </test-method> <!-- validateCreateEvent -->
        <test-method status="PASS" signature="serachEventTest(java.lang.String)[pri:5, instance:com.qa.cxplite.tests.CreateEventTest@4e04a765]" name="serachEventTest" duration-ms="8452" started-at="2021-06-02T19:07:59Z" data-provider="getEventNumber" finished-at="2021-06-02T19:08:07Z">
          <params>
            <param index="0">
              <value>
                <![CDATA[830899]]>
              </value>
            </param>
          </params>
          <reporter-output>
          </reporter-output>
        </test-method> <!-- serachEventTest -->
      </class> <!-- com.qa.cxplite.tests.CreateEventTest -->
    </test> <!-- Test -->
  </suite> <!-- cxp lite Suite -->
</testng-results>
