<?xml version="1.0" encoding="UTF-8"?>
<testng-results ignored="8" total="17" passed="9" failed="0" skipped="0">
  <reporter-output>
  </reporter-output>
  <suite started-at="2021-06-29T16:04:19 IST" name="cxp lite Suite" finished-at="2021-06-29T16:12:20 IST" duration-ms="480254">
    <groups>
    </groups>
    <test started-at="2021-06-29T16:04:19 IST" name="Test" finished-at="2021-06-29T16:12:20 IST" duration-ms="480254">
      <class name="com.qa.cxplite.tests.logout">
        <test-method is-config="true" signature="teardown()[pri:0, instance:com.qa.cxplite.tests.logout@e383572]" started-at="2021-06-29T16:12:19 IST" name="teardown" finished-at="2021-06-29T16:12:20 IST" duration-ms="752" status="PASS">
          <reporter-output>
          </reporter-output>
        </test-method> <!-- teardown -->
      </class> <!-- com.qa.cxplite.tests.logout -->
      <class name="com.qa.cxplite.tests.createbillservicetest">
        <test-method is-config="true" signature="billservicesetup()[pri:0, instance:com.qa.cxplite.tests.createbillservicetest@1800a575]" started-at="2021-06-29T16:11:06 IST" name="billservicesetup" finished-at="2021-06-29T16:11:06 IST" duration-ms="11" status="PASS">
          <reporter-output>
          </reporter-output>
        </test-method> <!-- billservicesetup -->
        <test-method signature="bill_service()[pri:0, instance:com.qa.cxplite.tests.createbillservicetest@1800a575]" started-at="2021-06-29T16:11:06 IST" name="bill_service" finished-at="2021-06-29T16:12:19 IST" duration-ms="73114" status="PASS">
          <reporter-output>
          </reporter-output>
        </test-method> <!-- bill_service -->
      </class> <!-- com.qa.cxplite.tests.createbillservicetest -->
      <class name="com.qa.cxplite.tests.CreateEstimateTest">
        <test-method is-config="true" signature="CreateEstimates()[pri:0, instance:com.qa.cxplite.tests.CreateEstimateTest@1c93f6e1]" started-at="2021-06-29T16:10:28 IST" name="CreateEstimates" finished-at="2021-06-29T16:10:28 IST" duration-ms="19" status="PASS">
          <reporter-output>
          </reporter-output>
        </test-method> <!-- CreateEstimates -->
        <test-method signature="validateCreateEstimates(java.lang.String, java.lang.String, java.lang.String, java.lang.String, java.lang.String, java.lang.String, java.lang.String, java.lang.String)[pri:6, instance:com.qa.cxplite.tests.CreateEstimateTest@1c93f6e1]" started-at="2021-06-29T16:10:28 IST" name="validateCreateEstimates" data-provider="getEstimateData" finished-at="2021-06-29T16:11:06 IST" duration-ms="38114" status="PASS">
          <params>
            <param index="0">
              <value>
                <![CDATA[11]]>
              </value>
            </param>
            <param index="1">
              <value>
                <![CDATA[12]]>
              </value>
            </param>
            <param index="2">
              <value>
                <![CDATA[13]]>
              </value>
            </param>
            <param index="3">
              <value>
                <![CDATA[14]]>
              </value>
            </param>
            <param index="4">
              <value>
                <![CDATA[15]]>
              </value>
            </param>
            <param index="5">
              <value>
                <![CDATA[16]]>
              </value>
            </param>
            <param index="6">
              <value>
                <![CDATA[17.0]]>
              </value>
            </param>
            <param index="7">
              <value>
                <![CDATA[18.0]]>
              </value>
            </param>
          </params>
          <reporter-output>
          </reporter-output>
        </test-method> <!-- validateCreateEstimates -->
      </class> <!-- com.qa.cxplite.tests.CreateEstimateTest -->
      <class name="com.qa.cxplite.tests.cxpCreateCustomerTest">
        <test-method is-config="true" signature="validatecreatecustomer()[pri:0, instance:com.qa.cxplite.tests.cxpCreateCustomerTest@4ae9cfc1]" started-at="2021-06-29T16:04:39 IST" name="validatecreatecustomer" finished-at="2021-06-29T16:04:39 IST" duration-ms="400" status="PASS">
          <reporter-output>
          </reporter-output>
        </test-method> <!-- validatecreatecustomer -->
        <test-method signature="validateCreateCustomer(java.lang.String, java.lang.String, java.lang.String, java.lang.String, java.lang.String, java.lang.String, java.lang.String, java.lang.String, java.lang.String, java.lang.String, java.lang.String, java.lang.String, java.lang.String, java.lang.String, java.lang.String, java.lang.String, java.lang.String, java.lang.String, java.lang.String, java.lang.String, java.lang.String, java.lang.String)[pri:3, instance:com.qa.cxplite.tests.cxpCreateCustomerTest@4ae9cfc1]" started-at="2021-06-29T16:04:39 IST" name="validateCreateCustomer" data-provider="getCreateCustomerData" finished-at="2021-06-29T16:05:07 IST" duration-ms="27994" status="PASS">
          <params>
            <param index="0">
              <value>
                <![CDATA[Customer.155512]]>
              </value>
            </param>
            <param index="1">
              <value>
                <![CDATA[Government]]>
              </value>
            </param>
            <param index="2">
              <value>
                <![CDATA[Customer_F]]>
              </value>
            </param>
            <param index="3">
              <value>
                <![CDATA[NA]]>
              </value>
            </param>
            <param index="4">
              <value>
                <![CDATA[Holiday]]>
              </value>
            </param>
            <param index="5">
              <value>
                <![CDATA[Friend]]>
              </value>
            </param>
            <param index="6">
              <value>
                <![CDATA[Building – 45]]>
              </value>
            </param>
            <param index="7">
              <value>
                <![CDATA[james]]>
              </value>
            </param>
            <param index="8">
              <value>
                <![CDATA[300#]]>
              </value>
            </param>
            <param index="9">
              <value>
                <![CDATA[Washington]]>
              </value>
            </param>
            <param index="10">
              <value>
                <![CDATA[New York]]>
              </value>
            </param>
            <param index="11">
              <value>
                <![CDATA[20004]]>
              </value>
            </param>
            <param index="12">
              <value>
                <![CDATA[08812-228279]]>
              </value>
            </param>
            <param index="13">
              <value>
                <![CDATA[9987620907]]>
              </value>
            </param>
            <param index="14">
              <value>
                <![CDATA[test@gmail.com]]>
              </value>
            </param>
            <param index="15">
              <value>
                <![CDATA[Comments]]>
              </value>
            </param>
            <param index="16">
              <value>
                <![CDATA[Directions]]>
              </value>
            </param>
            <param index="17">
              <value>
                <![CDATA[Test Bill Contact]]>
              </value>
            </param>
            <param index="18">
              <value>
                <![CDATA[Acc – 12134]]>
              </value>
            </param>
            <param index="19">
              <value>
                <![CDATA[Freeman, Beena]]>
              </value>
            </param>
            <param index="20">
              <value>
                <![CDATA[Con_F]]>
              </value>
            </param>
            <param index="21">
              <value>
                <![CDATA[Con_L]]>
              </value>
            </param>
          </params>
          <reporter-output>
          </reporter-output>
        </test-method> <!-- validateCreateCustomer -->
      </class> <!-- com.qa.cxplite.tests.cxpCreateCustomerTest -->
      <class name="com.qa.cxplite.tests.ValidateHomePageTest">
        <test-method signature="validatehomepage()[pri:2, instance:com.qa.cxplite.tests.ValidateHomePageTest@14fc1f0]" started-at="2021-06-29T16:04:33 IST" name="validatehomepage" finished-at="2021-06-29T16:04:39 IST" duration-ms="6494" status="PASS">
          <reporter-output>
          </reporter-output>
        </test-method> <!-- validatehomepage -->
      </class> <!-- com.qa.cxplite.tests.ValidateHomePageTest -->
      <class name="com.qa.cxplite.utils.TestBase1">
        <test-method is-config="true" signature="initialization(java.lang.String)[pri:0, instance:com.qa.cxplite.utils.TestBase1@60df60da]" started-at="2021-06-29T16:04:20 IST" name="initialization" finished-at="2021-06-29T16:04:26 IST" duration-ms="6604" status="PASS">
          <params>
            <param index="0">
              <value>
                <![CDATA[chrome]]>
              </value>
            </param>
          </params>
          <reporter-output>
          </reporter-output>
        </test-method> <!-- initialization -->
      </class> <!-- com.qa.cxplite.utils.TestBase1 -->
      <class name="com.qa.cxplite.tests.CreateEventOrderTest">
        <test-method is-config="true" signature="eventordersetup()[pri:0, instance:com.qa.cxplite.tests.CreateEventOrderTest@632ceb35]" started-at="2021-06-29T16:07:03 IST" name="eventordersetup" finished-at="2021-06-29T16:07:03 IST" duration-ms="25" status="PASS">
          <reporter-output>
          </reporter-output>
        </test-method> <!-- eventordersetup -->
        <test-method signature="eventnumberSearch(java.lang.String)[pri:7, instance:com.qa.cxplite.tests.CreateEventOrderTest@632ceb35]" started-at="2021-06-29T16:07:03 IST" name="eventnumberSearch" data-provider="getEventNumber" finished-at="2021-06-29T16:07:17 IST" duration-ms="13916" status="PASS">
          <params>
            <param index="0">
              <value>
                <![CDATA[831085]]>
              </value>
            </param>
          </params>
          <reporter-output>
          </reporter-output>
        </test-method> <!-- eventnumberSearch -->
        <test-method signature="add_menu(java.lang.String, java.lang.String, java.lang.String, java.lang.String, java.lang.String, java.lang.String, java.lang.String)[pri:8, instance:com.qa.cxplite.tests.CreateEventOrderTest@632ceb35]" started-at="2021-06-29T16:07:17 IST" name="add_menu" data-provider="getEventOrder" finished-at="2021-06-29T16:10:28 IST" duration-ms="190872" status="PASS">
          <params>
            <param index="0">
              <value>
                <![CDATA[10.0]]>
              </value>
            </param>
            <param index="1">
              <value>
                <![CDATA[11.0]]>
              </value>
            </param>
            <param index="2">
              <value>
                <![CDATA[12.0]]>
              </value>
            </param>
            <param index="3">
              <value>
                <![CDATA[13.0]]>
              </value>
            </param>
            <param index="4">
              <value>
                <![CDATA[14.0]]>
              </value>
            </param>
            <param index="5">
              <value>
                <![CDATA[15.0]]>
              </value>
            </param>
            <param index="6">
              <value>
                <![CDATA[16.0]]>
              </value>
            </param>
          </params>
          <reporter-output>
          </reporter-output>
        </test-method> <!-- add_menu -->
      </class> <!-- com.qa.cxplite.tests.CreateEventOrderTest -->
      <class name="com.qa.cxplite.tests.cxpLoginTest">
        <test-method signature="validatelogin(java.lang.String, java.lang.String, java.lang.String)[pri:1, instance:com.qa.cxplite.tests.cxpLoginTest@5a2d131d]" started-at="2021-06-29T16:04:26 IST" name="validatelogin" finished-at="2021-06-29T16:04:33 IST" duration-ms="6079" status="PASS">
          <params>
            <param index="0">
              <value>
                <![CDATA[ridgewellscat]]>
              </value>
            </param>
            <param index="1">
              <value>
                <![CDATA[superadmin]]>
              </value>
            </param>
            <param index="2">
              <value>
                <![CDATA[$uper20#CAT]]>
              </value>
            </param>
          </params>
          <reporter-output>
          </reporter-output>
        </test-method> <!-- validatelogin -->
      </class> <!-- com.qa.cxplite.tests.cxpLoginTest -->
      <class name="com.qa.cxplite.tests.CreateEventTest">
        <test-method is-config="true" signature="validateeventpage()[pri:0, instance:com.qa.cxplite.tests.CreateEventTest@512baff6]" started-at="2021-06-29T16:05:07 IST" name="validateeventpage" finished-at="2021-06-29T16:05:08 IST" duration-ms="92" status="PASS">
          <reporter-output>
          </reporter-output>
        </test-method> <!-- validateeventpage -->
        <test-method signature="validateCreateEvent(java.lang.String, java.lang.String, java.lang.String, java.lang.String, java.lang.String, java.lang.String, java.lang.String, java.lang.String, java.lang.String, java.lang.String, java.lang.String, java.lang.String, java.lang.String, java.lang.String, java.lang.String, java.lang.String)[pri:4, instance:com.qa.cxplite.tests.CreateEventTest@512baff6]" started-at="2021-06-29T16:05:08 IST" name="validateCreateEvent" data-provider="getCreateEventData" finished-at="2021-06-29T16:06:54 IST" duration-ms="106508" status="PASS">
          <params>
            <param index="0">
              <value>
                <![CDATA[Customer.160445]]>
              </value>
            </param>
            <param index="1">
              <value>
                <![CDATA[Freeman, Beena]]>
              </value>
            </param>
            <param index="2">
              <value>
                <![CDATA[07/13/2021]]>
              </value>
            </param>
            <param index="3">
              <value>
                <![CDATA[2:15 AM]]>
              </value>
            </param>
            <param index="4">
              <value>
                <![CDATA[07/13/2021]]>
              </value>
            </param>
            <param index="5">
              <value>
                <![CDATA[10:15 PM]]>
              </value>
            </param>
            <param index="6">
              <value>
                <![CDATA[School Order]]>
              </value>
            </param>
            <param index="7">
              <value>
                <![CDATA[Definite]]>
              </value>
            </param>
            <param index="8">
              <value>
                <![CDATA[Buffet Dinner]]>
              </value>
            </param>
            <param index="9">
              <value>
                <![CDATA[Corporate]]>
              </value>
            </param>
            <param index="10">
              <value>
                <![CDATA[Holiday]]>
              </value>
            </param>
            <param index="11">
              <value>
                <![CDATA[Disposables]]>
              </value>
            </param>
            <param index="12">
              <value>
                <![CDATA[2.0]]>
              </value>
            </param>
            <param index="13">
              <value>
                <![CDATA[Not Applicable]]>
              </value>
            </param>
            <param index="14">
              <value>
                <![CDATA[1.23456789E8]]>
              </value>
            </param>
            <param index="15">
              <value>
                <![CDATA[abc@abc.com]]>
              </value>
            </param>
          </params>
          <reporter-output>
          </reporter-output>
        </test-method> <!-- validateCreateEvent -->
        <test-method signature="serachEventTest(java.lang.String)[pri:5, instance:com.qa.cxplite.tests.CreateEventTest@512baff6]" started-at="2021-06-29T16:06:54 IST" name="serachEventTest" data-provider="getEventNumber" finished-at="2021-06-29T16:07:03 IST" duration-ms="8585" status="PASS">
          <params>
            <param index="0">
              <value>
                <![CDATA[831085]]>
              </value>
            </param>
          </params>
          <reporter-output>
          </reporter-output>
        </test-method> <!-- serachEventTest -->
      </class> <!-- com.qa.cxplite.tests.CreateEventTest -->
    </test> <!-- Test -->
  </suite> <!-- cxp lite Suite -->
</testng-results>
